<?xml version="1.0" encoding="UTF-8"?>
<!-- Generated by org.testng.reporters.JUnitReportReporter -->
<testsuite hostname="LAPTOP-TDP7C1KV" failures="0" tests="1" name="com.example.api.tests.RandomCatFactsTest" time="1.111" errors="0" timestamp="2024-06-11T21:54:14 IST" skipped="0">
  <testcase classname="com.example.api.tests.RandomCatFactsTest" name="testRandomCatFacts" time="1.111"/>
  <system-out/>
</testsuite> <!-- com.example.api.tests.RandomCatFactsTest -->
