<?xml version="1.0" encoding="UTF-8"?>
<!-- Generated by org.testng.reporters.JUnitReportReporter -->
<testsuite hostname="LAPTOP-TDP7C1KV" failures="0" tests="1" name="com.example.api.tests.GetCurrentIPTest" time="0.785" errors="0" timestamp="2024-06-11T21:54:14 IST" skipped="0">
  <testcase classname="com.example.api.tests.GetCurrentIPTest" name="testGetCurrentIP" time="0.785"/>
  <system-out/>
</testsuite> <!-- com.example.api.tests.GetCurrentIPTest -->
